{"level":"info","message":"⌛ Building environment","timeElapsed":288,"timestamp":"2024-10-19T19:08:21.852Z"}
{"level":"info","message":"onRequest - WORKSPACE_URI:file:///home/mamino/Documentos/Dev/Practica/PDeP/Wollok","timestamp":"2024-10-19T19:08:21.859Z"}
{"level":"info","message":"⌛ Building environment","timeElapsed":334,"timestamp":"2024-10-19T19:08:22.209Z"}
{"level":"info","message":"⌛ Building environment","timeElapsed":118,"timestamp":"2024-10-19T19:08:22.334Z"}
{"level":"info","message":"⌛ Building environment","timeElapsed":259,"timestamp":"2024-10-19T19:08:22.595Z"}
{"level":"info","message":"⌛ Building environment","timeElapsed":220,"timestamp":"2024-10-19T19:08:22.817Z"}
{"level":"info","message":"⌛ Building environment","timeElapsed":130,"timestamp":"2024-10-19T19:08:22.950Z"}
{"level":"info","message":"⌛ Building environment","timeElapsed":159,"timestamp":"2024-10-19T19:08:23.109Z"}
{"level":"info","message":"⌛ Validating tierramedia/tierra.wlk","timeElapsed":244,"timestamp":"2024-10-19T19:08:23.355Z"}
{"level":"info","message":"⌛ Building environment","timeElapsed":323,"timestamp":"2024-10-19T19:08:23.679Z"}
{"level":"info","message":"⌛ Validating tom-y-jerry/testExample.wtest","timeElapsed":221,"timestamp":"2024-10-19T19:08:23.927Z"}
{"level":"info","message":"⌛ Validating tom-y-jerry/example.wlk","timeElapsed":196,"timestamp":"2024-10-19T19:08:24.124Z"}
{"level":"info","message":"⌛ Validating tierramedia/testExample.wtest","timeElapsed":400,"timestamp":"2024-10-19T19:08:24.530Z"}
{"level":"info","message":"⌛ Validating ejemplo-aves/testExample.wtest","timeElapsed":226,"timestamp":"2024-10-19T19:08:24.756Z"}
{"level":"info","message":"⌛ Validating ejemplo-aves/example.wlk","timeElapsed":194,"timestamp":"2024-10-19T19:08:24.953Z"}
{"level":"info","message":"⌛ Validating tierramedia/tierra.wlk","timeElapsed":210,"timestamp":"2024-10-19T19:08:25.164Z"}
{"level":"info","message":"⌛ Validating tom-y-jerry/testExample.wtest","timeElapsed":129,"timestamp":"2024-10-19T19:08:25.294Z"}
{"level":"info","message":"⌛ Validating tom-y-jerry/example.wlk","timeElapsed":157,"timestamp":"2024-10-19T19:08:25.453Z"}
{"level":"info","message":"⌛ Validating tierramedia/testExample.wtest","timeElapsed":125,"timestamp":"2024-10-19T19:08:25.578Z"}
{"level":"info","message":"⌛ Validating ejemplo-aves/testExample.wtest","timeElapsed":106,"timestamp":"2024-10-19T19:08:25.685Z"}
{"level":"info","message":"⌛ Validating ejemplo-aves/example.wlk","timeElapsed":110,"timestamp":"2024-10-19T19:08:25.795Z"}
{"level":"info","message":"⌛ Building environment","timeElapsed":322,"timestamp":"2024-10-19T20:13:28.488Z"}
{"level":"info","message":"⌛ Validating tierramedia/tierra.wlk","timeElapsed":242,"timestamp":"2024-10-19T20:13:28.758Z"}
{"level":"info","message":"⌛ Building environment","timeElapsed":441,"timestamp":"2024-10-26T16:04:39.784Z"}
{"level":"info","message":"onRequest - WORKSPACE_URI:file:///home/mamino/Documentos/Dev/Practica/PDeP/Wollok","timestamp":"2024-10-26T16:04:39.800Z"}
{"level":"info","message":"⌛ Building environment","timeElapsed":518,"timestamp":"2024-10-26T16:04:40.322Z"}
{"level":"info","message":"⌛ Building environment","timeElapsed":198,"timestamp":"2024-10-26T16:04:41.303Z"}
{"level":"info","message":"⌛ Building environment","timeElapsed":376,"timestamp":"2024-10-26T16:04:41.769Z"}
{"level":"info","message":"⌛ Validating tierramedia/tierra.wlk","timeElapsed":523,"timestamp":"2024-10-26T16:04:42.295Z"}
{"level":"info","message":"⌛ Building environment","timeElapsed":325,"timestamp":"2024-10-26T16:04:42.621Z"}
{"level":"info","message":"⌛ Building environment","timeElapsed":526,"timestamp":"2024-10-26T16:04:43.148Z"}
{"level":"info","message":"⌛ Building environment","timeElapsed":368,"timestamp":"2024-10-26T16:04:43.540Z"}
{"level":"info","message":"⌛ Building environment","timeElapsed":457,"timestamp":"2024-10-26T16:04:44.011Z"}
{"level":"info","message":"⌛ Building environment","timeElapsed":480,"timestamp":"2024-10-26T16:04:44.504Z"}
{"level":"info","message":"⌛ Building environment","timeElapsed":452,"timestamp":"2024-10-26T16:04:44.959Z"}
{"level":"info","message":"⌛ Building environment","timeElapsed":356,"timestamp":"2024-10-26T16:04:45.315Z"}
{"level":"info","message":"⌛ Validating tom-y-jerry/testExample.wtest","timeElapsed":464,"timestamp":"2024-10-26T16:04:45.781Z"}
{"level":"info","message":"⌛ Building environment","timeElapsed":329,"timestamp":"2024-10-26T16:04:46.111Z"}
{"level":"info","message":"⌛ Validating tom-y-jerry/example.wlk","timeElapsed":248,"timestamp":"2024-10-26T16:04:46.361Z"}
{"level":"info","message":"⌛ Building environment","timeElapsed":204,"timestamp":"2024-10-26T16:04:46.565Z"}
{"level":"info","message":"⌛ Validating tierramedia/testExample.wtest","timeElapsed":218,"timestamp":"2024-10-26T16:04:46.784Z"}
{"level":"info","message":"⌛ Validating tierramedia/tierra.wlk","timeElapsed":173,"timestamp":"2024-10-26T16:04:46.971Z"}
{"level":"info","message":"⌛ Validating tom-y-jerry/testExample.wtest","timeElapsed":173,"timestamp":"2024-10-26T16:04:47.143Z"}
{"level":"info","message":"⌛ Validating tom-y-jerry/example.wlk","timeElapsed":141,"timestamp":"2024-10-26T16:04:47.284Z"}
{"level":"info","message":"⌛ Validating tierramedia/testExample.wtest","timeElapsed":136,"timestamp":"2024-10-26T16:04:47.421Z"}
{"level":"info","message":"⌛ Validating tierramedia/tierramedia/tierra.wlk","timeElapsed":196,"timestamp":"2024-10-26T16:04:47.618Z"}
{"level":"info","message":"⌛ Validating tierramedia/tierramedia/testTierra.wtest","timeElapsed":205,"timestamp":"2024-10-26T16:04:47.824Z"}
{"level":"info","message":"⌛ Validating tierramedia/testTierra.wtest","timeElapsed":268,"timestamp":"2024-10-26T16:04:48.094Z"}
{"level":"info","message":"⌛ Validating nuevoProyecto/testExample.wtest","timeElapsed":247,"timestamp":"2024-10-26T16:04:48.341Z"}
{"level":"info","message":"⌛ Validating nuevoProyecto/example.wlk","timeElapsed":224,"timestamp":"2024-10-26T16:04:48.565Z"}
{"level":"info","message":"⌛ Validating ejemplo-aves/testExample.wtest","timeElapsed":246,"timestamp":"2024-10-26T16:04:48.811Z"}
{"level":"info","message":"⌛ Validating ejemplo-aves/example.wlk","timeElapsed":223,"timestamp":"2024-10-26T16:04:49.034Z"}
{"level":"info","message":"⌛ Building environment","timeElapsed":447,"timestamp":"2024-10-26T16:09:18.713Z"}
{"level":"info","message":"⌛ Validating tierramedia/tierra.wlk","timeElapsed":251,"timestamp":"2024-10-26T16:09:18.966Z"}
